<?xml version="1.0" encoding="UTF-8"?>
<testng-results skipped="0" failed="0" total="1" passed="1">
  <reporter-output>
  </reporter-output>
  <suite name="Default suite" duration-ms="116" started-at="2017-09-22T13:29:40Z" finished-at="2017-09-22T13:29:40Z">
    <groups>
    </groups>
    <test name="Default test" duration-ms="116" started-at="2017-09-22T13:29:40Z" finished-at="2017-09-22T13:29:40Z">
      <class name="com.voteridVerification.practise.copy.JavaToJson">
        <test-method status="PASS" signature="convertJavaToJson()[pri:0, instance:com.voteridVerification.practise.copy.JavaToJson@544fe44c]" name="convertJavaToJson" duration-ms="93" started-at="2017-09-22T18:59:40Z" finished-at="2017-09-22T18:59:40Z">
          <reporter-output>
          </reporter-output>
        </test-method> <!-- convertJavaToJson -->
      </class> <!-- com.voteridVerification.practise.copy.JavaToJson -->
    </test> <!-- Default test -->
  </suite> <!-- Default suite -->
</testng-results>
