<?xml version="1.0" encoding="UTF-8" ?>
<testsuites>
  <testsuite errors="0" failures="0" hostname="DESKTOP-CMV0F83" id="0" name="JTest1" package="selenium_sample" skipped="0" tests="1" time="11.427" timestamp="2016-12-15T16:19:10">
      <properties>
[...]
</properties>

      <testcase classname="selenium_sample.JTest1" name="startWebDriver" time="11.243" />

      <system-out><![CDATA[]]></system-out>

      <system-err><![CDATA[Starting ChromeDriver 2.25.426923 (0390b88869384d6eb0d5d09729679f934aab9eed) on port 11690
Only local connections are allowed.
dez 15, 2016 4:19:12 PM org.openqa.selenium.remote.ProtocolHandshake createSession
INFO: Attempting bi-dialect session, assuming Postel's Law holds true on the remote end
dez 15, 2016 4:19:13 PM org.openqa.selenium.remote.ProtocolHandshake createSession
INFO: Detected dialect: OSS
]]></system-err>

  </testsuite>
</testsuites>
